# JRE version: OpenJDK Runtime Environment Temurin-11.0.12+7 (11.0.12+7) (build 11.0.12+7)
# Java VM: OpenJDK 64-Bit Server VM Temurin-11.0.12+7 (11.0.12+7, mixed mode, tiered, compressed oops, g1 gc, windows-amd64)
Heap:
 garbage-first heap   total 262144K, used 115769K [0x00000000e0000000, 0x0000000100000000)
  region size 1024K, 46 young (47104K), 15 survivors (15360K)
 Metaspace       used 78134K, capacity 80598K, committed 80716K, reserved 325632K
  class space    used 10032K, capacity 10847K, committed 10880K, reserved 253952K
GC Heap History (18 events):
Event: 1.126 GC heap before
{Heap before GC invocations=0 (full 0):
 garbage-first heap   total 262144K, used 29696K [0x00000000e0000000, 0x0000000100000000)
  region size 1024K, 24 young (24576K), 0 survivors (0K)
 Metaspace       used 10169K, capacity 10498K, committed 10624K, reserved 264192K
  class space    used 1057K, capacity 1138K, committed 1152K, reserved 253952K
}
Event: 1.133 GC heap after
{Heap after GC invocations=1 (full 0):
 garbage-first heap   total 262144K, used 9192K [0x00000000e0000000, 0x0000000100000000)
  region size 1024K, 3 young (3072K), 3 survivors (3072K)
 Metaspace       used 10169K, capacity 10498K, committed 10624K, reserved 264192K
  class space    used 1057K, capacity 1138K, committed 1152K, reserved 253952K
}
Event: 3.512 GC heap before
{Heap before GC invocations=1 (full 0):
 garbage-first heap   total 262144K, used 106472K [0x00000000e0000000, 0x0000000100000000)
  region size 1024K, 99 young (101376K), 3 survivors (3072K)
 Metaspace       used 20630K, capacity 21087K, committed 21248K, reserved 272384K
  class space    used 2524K, capacity 2705K, committed 2816K, reserved 253952K
}
Event: 3.530 GC heap after
{Heap after GC invocations=2 (full 0):
 garbage-first heap   total 262144K, used 17292K [0x00000000e0000000, 0x0000000100000000)
  region size 1024K, 11 young (11264K), 11 survivors (11264K)
 Metaspace       used 20630K, capacity 21087K, committed 21248K, reserved 272384K
  class space    used 2524K, capacity 2705K, committed 2816K, reserved 253952K
}
Event: 5.425 GC heap before
{Heap before GC invocations=3 (full 0):
 garbage-first heap   total 262144K, used 85900K [0x00000000e0000000, 0x0000000100000000)
  region size 1024K, 72 young (73728K), 11 survivors (11264K)
 Metaspace       used 26871K, capacity 27617K, committed 27904K, reserved 278528K
  class space    used 3540K, capacity 3806K, committed 3840K, reserved 253952K
}
Event: 5.436 GC heap after
{Heap after GC invocations=4 (full 0):
 garbage-first heap   total 262144K, used 26093K [0x00000000e0000000, 0x0000000100000000)
  region size 1024K, 4 young (4096K), 4 survivors (4096K)
 Metaspace       used 26871K, capacity 27617K, committed 27904K, reserved 278528K
  class space    used 3540K, capacity 3806K, committed 3840K, reserved 253952K
}
Event: 6.448 GC heap before
{Heap before GC invocations=4 (full 0):
 garbage-first heap   total 262144K, used 80365K [0x00000000e0000000, 0x0000000100000000)
  region size 1024K, 58 young (59392K), 4 survivors (4096K)
 Metaspace       used 34879K, capacity 35748K, committed 35840K, reserved 286720K
  class space    used 4565K, capacity 4859K, committed 4864K, reserved 253952K
}
Event: 6.465 GC heap after
{Heap after GC invocations=5 (full 0):
 garbage-first heap   total 262144K, used 28828K [0x00000000e0000000, 0x0000000100000000)
  region size 1024K, 7 young (7168K), 7 survivors (7168K)
 Metaspace       used 34879K, capacity 35748K, committed 35840K, reserved 286720K
  class space    used 4565K, capacity 4859K, committed 4864K, reserved 253952K
}
Event: 8.656 GC heap before
{Heap before GC invocations=6 (full 0):
 garbage-first heap   total 262144K, used 149660K [0x00000000e0000000, 0x0000000100000000)
  region size 1024K, 114 young (116736K), 7 survivors (7168K)
 Metaspace       used 44275K, capacity 45413K, committed 45644K, reserved 294912K
  class space    used 5582K, capacity 5979K, committed 6016K, reserved 253952K
}
Event: 8.672 GC heap after
{Heap after GC invocations=7 (full 0):
 garbage-first heap   total 262144K, used 45703K [0x00000000e0000000, 0x0000000100000000)
  region size 1024K, 15 young (15360K), 15 survivors (15360K)
 Metaspace       used 44275K, capacity 45413K, committed 45644K, reserved 294912K
  class space    used 5582K, capacity 5979K, committed 6016K, reserved 253952K
}
Event: 11.145 GC heap before
{Heap before GC invocations=7 (full 0):
 garbage-first heap   total 262144K, used 194183K [0x00000000e0000000, 0x0000000100000000)
  region size 1024K, 146 young (149504K), 15 survivors (15360K)
 Metaspace       used 54847K, capacity 56417K, committed 56652K, reserved 303104K
  class space    used 7206K, capacity 7779K, committed 7808K, reserved 253952K
}
Event: 11.169 GC heap after
{Heap after GC invocations=8 (full 0):
 garbage-first heap   total 262144K, used 70326K [0x00000000e0000000, 0x0000000100000000)
  region size 1024K, 19 young (19456K), 19 survivors (19456K)
 Metaspace       used 54847K, capacity 56417K, committed 56652K, reserved 303104K
  class space    used 7206K, capacity 7779K, committed 7808K, reserved 253952K
}
Event: 12.040 GC heap before
{Heap before GC invocations=8 (full 0):
 garbage-first heap   total 262144K, used 149174K [0x00000000e0000000, 0x0000000100000000)
  region size 1024K, 97 young (99328K), 19 survivors (19456K)
 Metaspace       used 58457K, capacity 60194K, committed 60288K, reserved 307200K
  class space    used 7690K, capacity 8321K, committed 8372K, reserved 253952K
}
Event: 12.081 GC heap after
{Heap after GC invocations=9 (full 0):
 garbage-first heap   total 262144K, used 73071K [0x00000000e0000000, 0x0000000100000000)
  region size 1024K, 3 young (3072K), 3 survivors (3072K)
 Metaspace       used 58457K, capacity 60194K, committed 60288K, reserved 307200K
  class space    used 7690K, capacity 8321K, committed 8372K, reserved 253952K
}
Event: 113.549 GC heap before
{Heap before GC invocations=10 (full 0):
 garbage-first heap   total 262144K, used 191855K [0x00000000e0000000, 0x0000000100000000)
  region size 1024K, 120 young (122880K), 3 survivors (3072K)
 Metaspace       used 64485K, capacity 66465K, committed 66636K, reserved 311296K
  class space    used 8600K, capacity 9309K, committed 9344K, reserved 253952K
}
Event: 113.562 GC heap after
{Heap after GC invocations=11 (full 0):
 garbage-first heap   total 262144K, used 78308K [0x00000000e0000000, 0x0000000100000000)
  region size 1024K, 9 young (9216K), 9 survivors (9216K)
 Metaspace       used 64485K, capacity 66465K, committed 66636K, reserved 311296K
  class space    used 8600K, capacity 9309K, committed 9344K, reserved 253952K
}
Event: 1492.982 GC heap before
{Heap before GC invocations=11 (full 0):
 garbage-first heap   total 262144K, used 197092K [0x00000000e0000000, 0x0000000100000000)
  region size 1024K, 126 young (129024K), 9 survivors (9216K)
 Metaspace       used 71532K, capacity 73900K, committed 74060K, reserved 319488K
  class space    used 9241K, capacity 10045K, committed 10112K, reserved 253952K
}
Event: 1493.081 GC heap after
{Heap after GC invocations=12 (full 0):
 garbage-first heap   total 262144K, used 85049K [0x00000000e0000000, 0x0000000100000000)
  region size 1024K, 15 young (15360K), 15 survivors (15360K)
 Metaspace       used 71532K, capacity 73900K, committed 74060K, reserved 319488K
  class space    used 9241K, capacity 10045K, committed 10112K, reserved 253952K
}

